Arguments: 
  /home/aurino/.nvm/versions/node/v14.18.1/bin/node /usr/share/yarn/bin/yarn.js vsce login AurinoGeraldo

PATH: 
  /home/aurino/.nvm/versions/node/v14.18.1/bin:/usr/local/sbin:/usr/local/bin:/usr/sbin:/usr/bin:/sbin:/bin:/usr/games:/usr/local/games:/snap/bin

Yarn version: 
  1.22.17

Node version: 
  14.18.1

Platform: 
  linux x64

Trace: 
  SyntaxError: /home/aurino/Battlefield/vscode-extensions/auri-theme/package.json: Unexpected string in JSON at position 205
      at JSON.parse (<anonymous>)
      at /usr/share/yarn/lib/cli.js:1625:59
      at Generator.next (<anonymous>)
      at step (/usr/share/yarn/lib/cli.js:310:30)
      at /usr/share/yarn/lib/cli.js:321:13

npm manifest: 
  {
      "name": "auri-theme",
      "displayName": "auri-theme",
      "description": "vscode theme color custom",
      "version": "0.0.1",
      "publisher": "AurinoGeraldo",
      "icon": "./assets/draven.png"
      "engines": {
          "vscode": "^1.63.0"
      },
      "categories": [
          "Themes"
      ],
      "contributes": {
          "themes": [
              {
                  "label": "auri-theme",
                  "uiTheme": "vs-dark",
                  "path": "./themes/auri-theme-color-theme.json"
              }
          ]
      }
  }

yarn manifest: 
  No manifest

Lockfile: 
  No lockfile
